This is pdfTeX, Version 3.141592653-2.6-1.40.26 (MiKTeX 24.3.31) (preloaded format=pdflatex 2024.4.15)  15 APR 2024 11:36
entering extended mode
 restricted \write18 enabled.
 file:line:error style messages enabled.
 %&-line parsing enabled.
**./stat_pack_OT23/stat_pack.tex
(stat_pack_OT23/stat_pack.tex
LaTeX2e <2023-11-01> patch level 1
L3 programming layer <2024-03-14>
(stat_pack_OT23/statpack_style.tex
(C:\Users\jaket\AppData\Local\Programs\MiKTeX\tex/latex/base\article.cls
Document Class: article 2023/05/17 v1.4n Standard LaTeX document class
(C:\Users\jaket\AppData\Local\Programs\MiKTeX\tex/latex/base\size11.clo
File: size11.clo 2023/05/17 v1.4n Standard LaTeX file (size option)
)
\c@part=\count188
\c@section=\count189
\c@subsection=\count190
\c@subsubsection=\count191
\c@paragraph=\count192
\c@subparagraph=\count193
\c@figure=\count194
\c@table=\count195
\abovecaptionskip=\skip48
\belowcaptionskip=\skip49
\bibindent=\dimen140
)

! LaTeX Error: File `Sweave.sty' not found.

Type X to quit or <RETURN> to proceed,
or enter new name. (Default extension: sty)

Enter file name: 
stat_pack_OT23/statpack_style.tex:3: Emergency stop.
<read *> 
         
l.3 \usepackage
               {graphicx}^^M 
Here is how much of TeX's memory you used:
 238 strings out of 474423
 3381 string characters out of 5741718
 1925496 words of memory out of 5000000
 22675 multiletter control sequences out of 15000+600000
 558369 words of font info for 37 fonts, out of 8000000 for 9000
 1141 hyphenation exceptions out of 8191
 40i,0n,41p,208b,36s stack positions out of 10000i,1000n,20000p,200000b,200000s

stat_pack_OT23/statpack_style.tex:3:  ==> Fatal error occurred, no output PDF f
ile produced!
